==========> Opened at 2017-08-04 13:03:48.882135571 -0700 PDT
debug Executing [spatial file zip --output=/Users/trefethen/Documents/unity/avalon/build/assembly/worker/UnityClient@Mac --basePath=/Users/trefethen/Documents/unity/avalon/workers/unity/build/worker/UnityClient@Mac --relativePath=. ./** --compression=False --log_file=zip_toolbelt.log]
debug Current directory = /Users/trefethen/Documents/unity/avalon/workers/unity
debug Found project root at /Users/trefethen/Documents/unity/avalon
info Finding /Users/trefethen/Documents/unity/avalon/workers/unity/build/worker/UnityClient@Mac/** category=heading
info Wrote /Users/trefethen/Documents/unity/avalon/build/assembly/worker/UnityClient@Mac.zip
info 'spatial file zip ./**' succeeded category=success duration=0.1s
==========> Opened at 2017-08-04 13:03:52.17747063 -0700 PDT
debug Executing [spatial file zip --output=/Users/trefethen/Documents/unity/avalon/build/assembly/worker/UnityWorker@Mac --basePath=/Users/trefethen/Documents/unity/avalon/workers/unity/build/worker/UnityWorker@Mac --relativePath=. ./** --compression=False --log_file=zip_toolbelt.log]
debug Current directory = /Users/trefethen/Documents/unity/avalon/workers/unity
debug Found project root at /Users/trefethen/Documents/unity/avalon
info Finding /Users/trefethen/Documents/unity/avalon/workers/unity/build/worker/UnityWorker@Mac/** category=heading
info Wrote /Users/trefethen/Documents/unity/avalon/build/assembly/worker/UnityWorker@Mac.zip
info 'spatial file zip ./**' succeeded duration=0.1s category=success
==========> Opened at 2017-08-04 13:06:37.885690688 -0700 PDT
debug Executing [spatial file zip --output=/Users/trefethen/Documents/unity/avalon/build/assembly/worker/UnityClient@Mac --basePath=/Users/trefethen/Documents/unity/avalon/workers/unity/build/worker/UnityClient@Mac --relativePath=. ./** --compression=False --log_file=zip_toolbelt.log]
debug Current directory = /Users/trefethen/Documents/unity/avalon/workers/unity
debug Found project root at /Users/trefethen/Documents/unity/avalon
info Finding /Users/trefethen/Documents/unity/avalon/workers/unity/build/worker/UnityClient@Mac/** category=heading
info Wrote /Users/trefethen/Documents/unity/avalon/build/assembly/worker/UnityClient@Mac.zip
info 'spatial file zip ./**' succeeded duration=0.1s category=success
==========> Opened at 2017-08-04 13:06:41.193011936 -0700 PDT
debug Executing [spatial file zip --output=/Users/trefethen/Documents/unity/avalon/build/assembly/worker/UnityWorker@Mac --basePath=/Users/trefethen/Documents/unity/avalon/workers/unity/build/worker/UnityWorker@Mac --relativePath=. ./** --compression=False --log_file=zip_toolbelt.log]
debug Current directory = /Users/trefethen/Documents/unity/avalon/workers/unity
debug Found project root at /Users/trefethen/Documents/unity/avalon
info Finding /Users/trefethen/Documents/unity/avalon/workers/unity/build/worker/UnityWorker@Mac/** category=heading
info Wrote /Users/trefethen/Documents/unity/avalon/build/assembly/worker/UnityWorker@Mac.zip
info 'spatial file zip ./**' succeeded category=success duration=0.1s
==========> Opened at 2017-08-04 16:29:39.262829506 -0700 PDT
debug Executing [spatial file zip --output=/Users/trefethen/Documents/unity/avalon/build/assembly/worker/UnityClient@Mac --basePath=/Users/trefethen/Documents/unity/avalon/workers/unity/build/worker/UnityClient@Mac --relativePath=. ./** --compression=False --log_file=zip_toolbelt.log]
debug Current directory = /Users/trefethen/Documents/unity/avalon/workers/unity
debug Found project root at /Users/trefethen/Documents/unity/avalon
info Finding /Users/trefethen/Documents/unity/avalon/workers/unity/build/worker/UnityClient@Mac/** category=heading
info Wrote /Users/trefethen/Documents/unity/avalon/build/assembly/worker/UnityClient@Mac.zip
info 'spatial file zip ./**' succeeded duration=0.1s category=success
==========> Opened at 2017-08-04 16:29:40.763959297 -0700 PDT
debug Executing [spatial file zip --output=/Users/trefethen/Documents/unity/avalon/build/assembly/worker/UnityWorker@Mac --basePath=/Users/trefethen/Documents/unity/avalon/workers/unity/build/worker/UnityWorker@Mac --relativePath=. ./** --compression=False --log_file=zip_toolbelt.log]
debug Current directory = /Users/trefethen/Documents/unity/avalon/workers/unity
debug Found project root at /Users/trefethen/Documents/unity/avalon
info Finding /Users/trefethen/Documents/unity/avalon/workers/unity/build/worker/UnityWorker@Mac/** category=heading
info Wrote /Users/trefethen/Documents/unity/avalon/build/assembly/worker/UnityWorker@Mac.zip
info 'spatial file zip ./**' succeeded duration=0.1s category=success
==========> Opened at 2017-08-04 17:14:49.599972471 -0700 PDT
debug Executing [spatial file zip --output=/Users/trefethen/Documents/unity/avalon/build/assembly/worker/UnityClient@Mac --basePath=/Users/trefethen/Documents/unity/avalon/workers/unity/build/worker/UnityClient@Mac --relativePath=. ./** --compression=False --log_file=zip_toolbelt.log]
debug Current directory = /Users/trefethen/Documents/unity/avalon/workers/unity
debug Found project root at /Users/trefethen/Documents/unity/avalon
info Finding /Users/trefethen/Documents/unity/avalon/workers/unity/build/worker/UnityClient@Mac/** category=heading
info Wrote /Users/trefethen/Documents/unity/avalon/build/assembly/worker/UnityClient@Mac.zip
info 'spatial file zip ./**' succeeded duration=0.1s category=success
==========> Opened at 2017-08-04 17:14:52.804024233 -0700 PDT
debug Executing [spatial file zip --output=/Users/trefethen/Documents/unity/avalon/build/assembly/worker/UnityWorker@Mac --basePath=/Users/trefethen/Documents/unity/avalon/workers/unity/build/worker/UnityWorker@Mac --relativePath=. ./** --compression=False --log_file=zip_toolbelt.log]
debug Current directory = /Users/trefethen/Documents/unity/avalon/workers/unity
debug Found project root at /Users/trefethen/Documents/unity/avalon
info Finding /Users/trefethen/Documents/unity/avalon/workers/unity/build/worker/UnityWorker@Mac/** category=heading
info Wrote /Users/trefethen/Documents/unity/avalon/build/assembly/worker/UnityWorker@Mac.zip
info 'spatial file zip ./**' succeeded duration=0.1s category=success
==========> Opened at 2017-08-04 17:25:48.947065842 -0700 PDT
debug Executing [spatial file zip --output=/Users/trefethen/Documents/unity/avalon/build/assembly/worker/UnityClient@Mac --basePath=/Users/trefethen/Documents/unity/avalon/workers/unity/build/worker/UnityClient@Mac --relativePath=. ./** --compression=False --log_file=zip_toolbelt.log]
debug Current directory = /Users/trefethen/Documents/unity/avalon/workers/unity
debug Found project root at /Users/trefethen/Documents/unity/avalon
info Finding /Users/trefethen/Documents/unity/avalon/workers/unity/build/worker/UnityClient@Mac/** category=heading
info Wrote /Users/trefethen/Documents/unity/avalon/build/assembly/worker/UnityClient@Mac.zip
info 'spatial file zip ./**' succeeded duration=0.1s category=success
==========> Opened at 2017-08-04 17:25:52.21142651 -0700 PDT
debug Executing [spatial file zip --output=/Users/trefethen/Documents/unity/avalon/build/assembly/worker/UnityWorker@Mac --basePath=/Users/trefethen/Documents/unity/avalon/workers/unity/build/worker/UnityWorker@Mac --relativePath=. ./** --compression=False --log_file=zip_toolbelt.log]
debug Current directory = /Users/trefethen/Documents/unity/avalon/workers/unity
debug Found project root at /Users/trefethen/Documents/unity/avalon
info Finding /Users/trefethen/Documents/unity/avalon/workers/unity/build/worker/UnityWorker@Mac/** category=heading
info Wrote /Users/trefethen/Documents/unity/avalon/build/assembly/worker/UnityWorker@Mac.zip
info 'spatial file zip ./**' succeeded category=success duration=0.1s
